<?xml version="1.0" encoding="UTF-8"?>
<coverage generated="1773360491338" clover="3.2.0">
  <project timestamp="1773360491338" name="All files">
    <metrics statements="28" coveredstatements="28" conditionals="20" coveredconditionals="20" methods="4" coveredmethods="4" elements="52" coveredelements="52" complexity="0" loc="28" ncloc="28" packages="2" files="2" classes="2"/>
    <package name="src">
      <metrics statements="17" coveredstatements="17" conditionals="12" coveredconditionals="12" methods="3" coveredmethods="3"/>
      <file name="App.jsx" path="C:\Users\eluna\OneDrive\Documentos\WeatherApp\weather-app\src\App.jsx">
        <metrics statements="17" coveredstatements="17" conditionals="12" coveredconditionals="12" methods="3" coveredmethods="3"/>
        <line num="6" count="18" type="stmt"/>
        <line num="7" count="18" type="stmt"/>
        <line num="8" count="18" type="stmt"/>
        <line num="9" count="18" type="stmt"/>
        <line num="11" count="18" type="stmt"/>
        <line num="12" count="5" type="stmt"/>
        <line num="13" count="5" type="cond" truecount="2" falsecount="0"/>
        <line num="15" count="3" type="stmt"/>
        <line num="16" count="3" type="stmt"/>
        <line num="17" count="3" type="stmt"/>
        <line num="19" count="3" type="stmt"/>
        <line num="20" count="3" type="stmt"/>
        <line num="21" count="1" type="stmt"/>
        <line num="23" count="2" type="cond" truecount="2" falsecount="0"/>
        <line num="25" count="3" type="stmt"/>
        <line num="29" count="18" type="stmt"/>
        <line num="39" count="5" type="stmt"/>
      </file>
    </package>
    <package name="src.services">
      <metrics statements="11" coveredstatements="11" conditionals="8" coveredconditionals="8" methods="1" coveredmethods="1"/>
      <file name="weatherApi.js" path="C:\Users\eluna\OneDrive\Documentos\WeatherApp\weather-app\src\services\weatherApi.js">
        <metrics statements="11" coveredstatements="11" conditionals="8" coveredconditionals="8" methods="1" coveredmethods="1"/>
        <line num="3" count="2" type="stmt"/>
        <line num="10" count="2" type="stmt"/>
        <line num="11" count="6" type="stmt"/>
        <line num="12" count="6" type="stmt"/>
        <line num="13" count="5" type="cond" truecount="4" falsecount="0"/>
        <line num="15" count="2" type="stmt"/>
        <line num="16" count="2" type="stmt"/>
        <line num="18" count="2" type="stmt"/>
        <line num="19" count="2" type="stmt"/>
        <line num="26" count="4" type="cond" truecount="2" falsecount="0"/>
        <line num="27" count="1" type="stmt"/>
      </file>
    </package>
  </project>
</coverage>
