{"C:\\Users\\eluna\\OneDrive\\Documentos\\WeatherApp\\weather-app\\src\\App.jsx": {"path":"C:\\Users\\eluna\\OneDrive\\Documentos\\WeatherApp\\weather-app\\src\\App.jsx","statementMap":{"0":{"start":{"line":6,"column":26},"end":{"line":6,"column":38}},"1":{"start":{"line":7,"column":32},"end":{"line":7,"column":46}},"2":{"start":{"line":8,"column":32},"end":{"line":8,"column":47}},"3":{"start":{"line":9,"column":28},"end":{"line":9,"column":42}},"4":{"start":{"line":11,"column":23},"end":{"line":27,"column":3}},"5":{"start":{"line":12,"column":4},"end":{"line":12,"column":23}},"6":{"start":{"line":13,"column":4},"end":{"line":13,"column":29}},"7":{"start":{"line":13,"column":22},"end":{"line":13,"column":29}},"8":{"start":{"line":15,"column":4},"end":{"line":15,"column":21}},"9":{"start":{"line":16,"column":4},"end":{"line":16,"column":19}},"10":{"start":{"line":17,"column":4},"end":{"line":17,"column":21}},"11":{"start":{"line":19,"column":4},"end":{"line":26,"column":5}},"12":{"start":{"line":20,"column":19},"end":{"line":20,"column":49}},"13":{"start":{"line":21,"column":6},"end":{"line":21,"column":23}},"14":{"start":{"line":23,"column":6},"end":{"line":23,"column":70}},"15":{"start":{"line":25,"column":6},"end":{"line":25,"column":24}},"16":{"start":{"line":29,"column":2},"end":{"line":97,"column":4}},"17":{"start":{"line":39,"column":29},"end":{"line":39,"column":52}}},"fnMap":{"0":{"name":"App","decl":{"start":{"line":5,"column":9},"end":{"line":5,"column":12}},"loc":{"start":{"line":5,"column":15},"end":{"line":98,"column":1}},"line":5},"1":{"name":"(anonymous_1)","decl":{"start":{"line":11,"column":23},"end":{"line":11,"column":24}},"loc":{"start":{"line":11,"column":36},"end":{"line":27,"column":3}},"line":11},"2":{"name":"(anonymous_2)","decl":{"start":{"line":39,"column":22},"end":{"line":39,"column":23}},"loc":{"start":{"line":39,"column":29},"end":{"line":39,"column":52}},"line":39}},"branchMap":{"0":{"loc":{"start":{"line":13,"column":4},"end":{"line":13,"column":29}},"type":"if","locations":[{"start":{"line":13,"column":4},"end":{"line":13,"column":29}},{"start":{},"end":{}}],"line":13},"1":{"loc":{"start":{"line":23,"column":15},"end":{"line":23,"column":68}},"type":"binary-expr","locations":[{"start":{"line":23,"column":15},"end":{"line":23,"column":26}},{"start":{"line":23,"column":30},"end":{"line":23,"column":68}}],"line":23},"2":{"loc":{"start":{"line":52,"column":9},"end":{"line":56,"column":9}},"type":"binary-expr","locations":[{"start":{"line":52,"column":9},"end":{"line":52,"column":14}},{"start":{"line":53,"column":10},"end":{"line":55,"column":16}}],"line":52},"3":{"loc":{"start":{"line":58,"column":9},"end":{"line":62,"column":9}},"type":"binary-expr","locations":[{"start":{"line":58,"column":9},"end":{"line":58,"column":16}},{"start":{"line":59,"column":10},"end":{"line":61,"column":16}}],"line":58},"4":{"loc":{"start":{"line":64,"column":9},"end":{"line":93,"column":9}},"type":"binary-expr","locations":[{"start":{"line":64,"column":9},"end":{"line":64,"column":16}},{"start":{"line":64,"column":20},"end":{"line":64,"column":28}},{"start":{"line":64,"column":32},"end":{"line":64,"column":38}},{"start":{"line":65,"column":10},"end":{"line":92,"column":16}}],"line":64}},"s":{"0":18,"1":18,"2":18,"3":18,"4":18,"5":5,"6":5,"7":2,"8":3,"9":3,"10":3,"11":3,"12":3,"13":1,"14":2,"15":3,"16":18,"17":5},"f":{"0":18,"1":5,"2":5},"b":{"0":[2,3],"1":[2,1],"2":[18,2],"3":[18,3],"4":[18,1,1,1]},"_coverageSchema":"1a1c01bbd47fc00a2c39e90264f33305004495a9","hash":"4237266c871361c8fea1f4e246736e1a33902bf9"}
,"C:\\Users\\eluna\\OneDrive\\Documentos\\WeatherApp\\weather-app\\src\\services\\weatherApi.js": {"path":"C:\\Users\\eluna\\OneDrive\\Documentos\\WeatherApp\\weather-app\\src\\services\\weatherApi.js","statementMap":{"0":{"start":{"line":3,"column":23},"end":{"line":8,"column":1}},"1":{"start":{"line":10,"column":34},"end":{"line":29,"column":1}},"2":{"start":{"line":11,"column":2},"end":{"line":28,"column":3}},"3":{"start":{"line":12,"column":19},"end":{"line":12,"column":149}},"4":{"start":{"line":13,"column":4},"end":{"line":13,"column":106}},"5":{"start":{"line":13,"column":66},"end":{"line":13,"column":106}},"6":{"start":{"line":15,"column":21},"end":{"line":15,"column":43}},"7":{"start":{"line":16,"column":23},"end":{"line":16,"column":213}},"8":{"start":{"line":18,"column":20},"end":{"line":18,"column":43}},"9":{"start":{"line":19,"column":4},"end":{"line":24,"column":6}},"10":{"start":{"line":26,"column":4},"end":{"line":26,"column":62}},"11":{"start":{"line":26,"column":50},"end":{"line":26,"column":62}},"12":{"start":{"line":27,"column":4},"end":{"line":27,"column":60}}},"fnMap":{"0":{"name":"(anonymous_0)","decl":{"start":{"line":10,"column":34},"end":{"line":10,"column":35}},"loc":{"start":{"line":10,"column":50},"end":{"line":29,"column":1}},"line":10}},"branchMap":{"0":{"loc":{"start":{"line":13,"column":4},"end":{"line":13,"column":106}},"type":"if","locations":[{"start":{"line":13,"column":4},"end":{"line":13,"column":106}},{"start":{},"end":{}}],"line":13},"1":{"loc":{"start":{"line":13,"column":8},"end":{"line":13,"column":64}},"type":"binary-expr","locations":[{"start":{"line":13,"column":8},"end":{"line":13,"column":28}},{"start":{"line":13,"column":32},"end":{"line":13,"column":64}}],"line":13},"2":{"loc":{"start":{"line":23,"column":19},"end":{"line":23,"column":76}},"type":"binary-expr","locations":[{"start":{"line":23,"column":19},"end":{"line":23,"column":55}},{"start":{"line":23,"column":59},"end":{"line":23,"column":76}}],"line":23},"3":{"loc":{"start":{"line":26,"column":4},"end":{"line":26,"column":62}},"type":"if","locations":[{"start":{"line":26,"column":4},"end":{"line":26,"column":62}},{"start":{},"end":{}}],"line":26}},"s":{"0":2,"1":2,"2":6,"3":6,"4":5,"5":3,"6":2,"7":2,"8":2,"9":2,"10":4,"11":3,"12":1},"f":{"0":6},"b":{"0":[3,2],"1":[5,3],"2":[2,1],"3":[3,1]},"_coverageSchema":"1a1c01bbd47fc00a2c39e90264f33305004495a9","hash":"9b89b4686190f93a96fb3d5aca6bef085bc43d24"}
}
