TN:
SF:src\App.jsx
FN:5,App
FN:11,(anonymous_1)
FN:39,(anonymous_2)
FNF:3
FNH:3
FNDA:18,App
FNDA:5,(anonymous_1)
FNDA:5,(anonymous_2)
DA:6,18
DA:7,18
DA:8,18
DA:9,18
DA:11,18
DA:12,5
DA:13,5
DA:15,3
DA:16,3
DA:17,3
DA:19,3
DA:20,3
DA:21,1
DA:23,2
DA:25,3
DA:29,18
DA:39,5
LF:17
LH:17
BRDA:13,0,0,2
BRDA:13,0,1,3
BRDA:23,1,0,2
BRDA:23,1,1,1
BRDA:52,2,0,18
BRDA:52,2,1,2
BRDA:58,3,0,18
BRDA:58,3,1,3
BRDA:64,4,0,18
BRDA:64,4,1,1
BRDA:64,4,2,1
BRDA:64,4,3,1
BRF:12
BRH:12
end_of_record
TN:
SF:src\services\weatherApi.js
FN:10,(anonymous_0)
FNF:1
FNH:1
FNDA:6,(anonymous_0)
DA:3,2
DA:10,2
DA:11,6
DA:12,6
DA:13,5
DA:15,2
DA:16,2
DA:18,2
DA:19,2
DA:26,4
DA:27,1
LF:11
LH:11
BRDA:13,0,0,3
BRDA:13,0,1,2
BRDA:13,1,0,5
BRDA:13,1,1,3
BRDA:23,2,0,2
BRDA:23,2,1,1
BRDA:26,3,0,3
BRDA:26,3,1,1
BRF:8
BRH:8
end_of_record
